
ROM used:   1300/8192 (16%)
            1300/8192 (16%) including unused fragments

            1.0 Average locations per line
            9.0 Average locations per statement

RAM used:   27/368 (7%) at main() level
            57/368 (15%) worst case

Stack used: 8 worst case (2 in main + 6 for interrupts)
Stack size: 8

Lines Stmts  %   Files
----- ----- ---  -----
  146    61  42  secagem.c
   33     0   0  secagem.h
  685     0   0  ..\..\..\..\..\Program Files (x86)\PICC\Devices\16F877A.h
  456    84  58  ..\..\..\..\..\Program Files (x86)\PICC\Drivers\lcd.c
----- -----
 1320   145 Total

Page ROM  %  RAM    Vol Diff  Functions:
---- --- --- ---    --- ----  ----------
0     21   2    1             @delay_ms1
0     42   3    3    596  5.9  lcd_read_byte
 Inline         0     59  4.2  lcd_read_nibble
0     12   1    1    179  3.3  lcd_send_nibble
0     32   2    3    460  4.7  lcd_send_byte
 Inline         6    814  7.2  lcd_init
0     18   1    4    208  6.3  lcd_gotoxy
0     44   3    1    354  4.7  lcd_putc
0     36   3    2    235  3.1  trata_ext
0      6   0    0             @const683
0     86   7    4             @PSTRINGC7_663
0    581  45    6    883  5.6  trata_t0
 Inline         2    622  4.3  @ITOF
0    117   9   13             @MULFF
 Inline        14             @DIVFF
 Inline         4             @SFTOI
0      6   0    0             @const701
 Inline         5             @PSTRINGCN7_663
0     21   2    3             @DIV88
 Inline         2             @PRINTF_U_663
0      6   0    0             @const710
0      6   0    0    721  5.3  @const711
0    180  14    4    549  4.4  MAIN
 Inline         0             @cinit1

Program metrics:
    Functions               12
    Statements              145
    Comments                268
    Volume (V)              9091
    Difficulty (D)          55.9
    Effort to implement (E) 508030
    Time to implement (T)   7 hours, 50 minutes
    Est Delivered Bugs (B)  2
    Cyclomatic Complexity   14
    Maintainability (MI)    139

 Segment     Used  Free
-----------  ----  ----
00000-00003     4  0  
00004-00055    82  0  
00056-007FF  1214  748  
00800-00FFF     0  2048  
01000-017FF     0  2048  
01800-01FFF     0  2048  



